\BOOKMARK [1][-]{section.1}{\376\377\000I\000n\000t\000r\000o\000d\000u\000c\000t\000i\000o\000n}{}% 1
\BOOKMARK [1][-]{section.2}{\376\377\000L\000a\000n\000g\000u\000a\000g\000e\000\040\000D\000e\000s\000i\000g\000n}{}% 2
\BOOKMARK [2][-]{subsection.2.1}{\376\377\000D\000e\000s\000i\000g\000n\000\040\000P\000h\000i\000l\000o\000s\000o\000p\000h\000y}{section.2}% 3
\BOOKMARK [2][-]{subsection.2.2}{\376\377\000B\000l\000o\000c\000k\000\040\000S\000t\000r\000u\000c\000t\000u\000r\000e}{section.2}% 4
\BOOKMARK [2][-]{subsection.2.3}{\376\377\000U\000n\000i\000v\000e\000r\000s\000a\000l\000\040\000D\000e\000c\000l\000a\000r\000a\000t\000i\000o\000n\000\040\000S\000c\000h\000e\000m\000a}{section.2}% 5
\BOOKMARK [1][-]{section.3}{\376\377\000T\000y\000p\000e\000\040\000S\000y\000s\000t\000e\000m}{}% 6
\BOOKMARK [2][-]{subsection.3.1}{\376\377\000P\000r\000i\000m\000i\000t\000i\000v\000e\000\040\000T\000y\000p\000e\000s}{section.3}% 7
\BOOKMARK [2][-]{subsection.3.2}{\376\377\000B\000i\000t\000-\000W\000i\000d\000t\000h\000\040\000S\000a\000f\000e\000t\000y}{section.3}% 8
\BOOKMARK [2][-]{subsection.3.3}{\376\377\000F\000i\000r\000s\000t\000-\000C\000l\000a\000s\000s\000\040\000C\000l\000o\000c\000k\000\040\000a\000n\000d\000\040\000R\000e\000s\000e\000t\000\040\000T\000y\000p\000e\000s}{section.3}% 9
\BOOKMARK [2][-]{subsection.3.4}{\376\377\000C\000l\000o\000c\000k\000\040\000D\000o\000m\000a\000i\000n\000\040\000T\000r\000a\000c\000k\000i\000n\000g}{section.3}% 10
\BOOKMARK [2][-]{subsection.3.5}{\376\377\000R\000e\000s\000e\000t\000\040\000D\000o\000m\000a\000i\000n\000\040\000C\000r\000o\000s\000s\000i\000n\000g\000\040\000\050\000R\000D\000C\000\051}{section.3}% 11
\BOOKMARK [2][-]{subsection.3.6}{\376\377\000S\000i\000n\000g\000l\000e\000-\000D\000r\000i\000v\000e\000r\000\040\000R\000u\000l\000e}{section.3}% 12
\BOOKMARK [2][-]{subsection.3.7}{\376\377\000N\000o\000\040\000I\000m\000p\000l\000i\000c\000i\000t\000\040\000L\000a\000t\000c\000h\000e\000s}{section.3}% 13
\BOOKMARK [2][-]{subsection.3.8}{\376\377\000N\000o\000\040\000C\000o\000m\000b\000i\000n\000a\000t\000i\000o\000n\000a\000l\000\040\000L\000o\000o\000p\000s}{section.3}% 14
\BOOKMARK [1][-]{section.4}{\376\377\000F\000i\000r\000s\000t\000-\000C\000l\000a\000s\000s\000\040\000M\000i\000c\000r\000o\000-\000A\000r\000c\000h\000i\000t\000e\000c\000t\000u\000r\000e\000\040\000C\000o\000n\000s\000t\000r\000u\000c\000t\000s}{}% 15
\BOOKMARK [2][-]{subsection.4.1}{\376\377\000P\000i\000p\000e\000l\000i\000n\000e}{section.4}% 16
\BOOKMARK [2][-]{subsection.4.2}{\376\377\000F\000i\000n\000i\000t\000e\000\040\000S\000t\000a\000t\000e\000\040\000M\000a\000c\000h\000i\000n\000e}{section.4}% 17
\BOOKMARK [2][-]{subsection.4.3}{\376\377\000F\000I\000F\000O}{section.4}% 18
\BOOKMARK [2][-]{subsection.4.4}{\376\377\000A\000r\000b\000i\000t\000e\000r}{section.4}% 19
\BOOKMARK [2][-]{subsection.4.5}{\376\377\000B\000u\000s\000\040\000a\000n\000d\000\040\000H\000a\000n\000d\000s\000h\000a\000k\000e\000\040\000C\000h\000a\000n\000n\000e\000l}{section.4}% 20
\BOOKMARK [2][-]{subsection.4.6}{\376\377\000T\000h\000r\000e\000a\000d}{section.4}% 21
\BOOKMARK [2][-]{subsection.4.7}{\376\377\000A\000d\000d\000i\000t\000i\000o\000n\000a\000l\000\040\000C\000o\000n\000s\000t\000r\000u\000c\000t\000s}{section.4}% 22
\BOOKMARK [2][-]{subsection.4.8}{\376\377\000H\000o\000o\000k\000s\000\040\040\024\000\040\000C\000u\000s\000t\000o\000m\000i\000z\000a\000b\000l\000e\000\040\000B\000e\000h\000a\000v\000i\000o\000r\000\040\000P\000o\000i\000n\000t\000s}{section.4}% 23
\BOOKMARK [2][-]{subsection.4.9}{\376\377\000T\000e\000m\000p\000l\000a\000t\000e\000s\000\040\040\024\000\040\000I\000n\000t\000e\000r\000f\000a\000c\000e\000\040\000C\000o\000n\000t\000r\000a\000c\000t\000s}{section.4}% 24
\BOOKMARK [1][-]{section.5}{\376\377\000A\000I\000-\000G\000e\000n\000e\000r\000a\000t\000a\000b\000i\000l\000i\000t\000y\000\040\000C\000o\000n\000t\000r\000a\000c\000t}{}% 25
\BOOKMARK [2][-]{subsection.5.1}{\376\377\000D\000e\000s\000i\000g\000n\000\040\000D\000e\000c\000i\000s\000i\000o\000n\000s\000\040\000f\000o\000r\000\040\000A\000I}{section.5}% 26
\BOOKMARK [2][-]{subsection.5.2}{\376\377\000M\000i\000n\000i\000m\000a\000l\000\040\000A\000I\000\040\000C\000o\000n\000t\000e\000x\000t}{section.5}% 27
\BOOKMARK [2][-]{subsection.5.3}{\376\377\000A\000I\000-\000A\000s\000s\000i\000s\000t\000e\000d\000\040\000D\000e\000s\000i\000g\000n\000\040\000W\000o\000r\000k\000f\000l\000o\000w}{section.5}% 28
\BOOKMARK [1][-]{section.6}{\376\377\000C\000o\000m\000p\000i\000l\000e\000r\000\040\000P\000i\000p\000e\000l\000i\000n\000e}{}% 29
\BOOKMARK [2][-]{subsection.6.1}{\376\377\000O\000u\000t\000p\000u\000t\000\040\000G\000u\000a\000r\000a\000n\000t\000e\000e}{section.6}% 30
\BOOKMARK [2][-]{subsection.6.2}{\376\377\000I\000n\000t\000e\000r\000m\000e\000d\000i\000a\000t\000e\000\040\000R\000e\000p\000r\000e\000s\000e\000n\000t\000a\000t\000i\000o\000n}{section.6}% 31
\BOOKMARK [2][-]{subsection.6.3}{\376\377\000T\000o\000o\000l\000c\000h\000a\000i\000n\000\040\000T\000a\000r\000g\000e\000t\000s}{section.6}% 32
\BOOKMARK [1][-]{section.7}{\376\377\000S\000i\000m\000u\000l\000a\000t\000i\000o\000n\000\040\000a\000n\000d\000\040\000V\000e\000r\000i\000f\000i\000c\000a\000t\000i\000o\000n}{}% 33
\BOOKMARK [2][-]{subsection.7.1}{\376\377\000I\000n\000t\000e\000g\000r\000a\000t\000e\000d\000\040\000S\000i\000m\000u\000l\000a\000t\000i\000o\000n}{section.7}% 34
\BOOKMARK [2][-]{subsection.7.2}{\376\377\000P\000y\000t\000h\000o\000n\000\040\000T\000e\000s\000t\000b\000e\000n\000c\000h\000e\000s\000\040\000v\000i\000a\000\040\000a\000\040\000c\000o\000c\000o\000t\000b\000-\000C\000o\000m\000p\000a\000t\000i\000b\000l\000e\000\040\000A\000P\000I}{section.7}% 35
\BOOKMARK [2][-]{subsection.7.3}{\376\377\000P\000a\000t\000h\000\040\000t\000o\000\040\000N\000a\000t\000i\000v\000e\000\040\000C\000o\000m\000p\000i\000l\000e\000d\000\040\000S\000i\000m\000u\000l\000a\000t\000i\000o\000n}{section.7}% 36
\BOOKMARK [3][-]{subsubsection.7.3.1}{\376\377\000W\000h\000y\000\040\000N\000a\000t\000i\000v\000e\000\040\000C\000o\000m\000p\000i\000l\000a\000t\000i\000o\000n\000\040\000i\000s\000\040\000F\000e\000a\000s\000i\000b\000l\000e}{subsection.7.3}% 37
\BOOKMARK [3][-]{subsubsection.7.3.2}{\376\377\000E\000x\000p\000e\000c\000t\000e\000d\000\040\000P\000e\000r\000f\000o\000r\000m\000a\000n\000c\000e}{subsection.7.3}% 38
\BOOKMARK [3][-]{subsubsection.7.3.3}{\376\377\000L\000i\000m\000i\000t\000a\000t\000i\000o\000n\000s\000\040\000o\000f\000\040\0002\000-\000S\000t\000a\000t\000e\000\040\000S\000i\000m\000u\000l\000a\000t\000i\000o\000n}{subsection.7.3}% 39
\BOOKMARK [3][-]{subsubsection.7.3.4}{\376\377\000P\000a\000r\000a\000l\000l\000e\000l\000\040\000S\000i\000m\000u\000l\000a\000t\000i\000o\000n}{subsection.7.3}% 40
\BOOKMARK [2][-]{subsection.7.4}{\376\377\000V\000e\000r\000i\000f\000i\000c\000a\000t\000i\000o\000n}{section.7}% 41
\BOOKMARK [1][-]{section.8}{\376\377\000C\000o\000m\000p\000i\000l\000e\000-\000T\000i\000m\000e\000\040\000G\000e\000n\000e\000r\000a\000t\000i\000o\000n}{}% 42
\BOOKMARK [1][-]{section.9}{\376\377\000C\000a\000s\000e\000\040\000S\000t\000u\000d\000y\000:\000\040\000L\0001\000\040\000D\000a\000t\000a\000\040\000C\000a\000c\000h\000e}{}% 43
\BOOKMARK [2][-]{subsection.9.1}{\376\377\000A\000r\000c\000h\000i\000t\000e\000c\000t\000u\000r\000e\000\040\000a\000n\000d\000\040\000C\000o\000n\000s\000t\000r\000u\000c\000t\000\040\000U\000s\000a\000g\000e}{section.9}% 44
\BOOKMARK [2][-]{subsection.9.2}{\376\377\000D\000e\000s\000i\000g\000n\000\040\000H\000i\000g\000h\000l\000i\000g\000h\000t\000s}{section.9}% 45
\BOOKMARK [2][-]{subsection.9.3}{\376\377\000V\000e\000r\000i\000f\000i\000c\000a\000t\000i\000o\000n}{section.9}% 46
\BOOKMARK [2][-]{subsection.9.4}{\376\377\000L\000e\000s\000s\000o\000n\000s}{section.9}% 47
\BOOKMARK [1][-]{section.10}{\376\377\000C\000a\000s\000e\000\040\000S\000t\000u\000d\000y\000:\000\040\000A\000X\000I\000\040\000D\000M\000A\000\040\000C\000o\000n\000t\000r\000o\000l\000l\000e\000r}{}% 48
\BOOKMARK [2][-]{subsection.10.1}{\376\377\000A\000r\000c\000h\000i\000t\000e\000c\000t\000u\000r\000e}{section.10}% 49
\BOOKMARK [2][-]{subsection.10.2}{\376\377\000S\000y\000n\000t\000h\000e\000s\000i\000s\000\040\000R\000e\000s\000u\000l\000t\000s}{section.10}% 50
\BOOKMARK [2][-]{subsection.10.3}{\376\377\000T\000i\000m\000i\000n\000g\000\040\000a\000n\000d\000\040\000P\000o\000w\000e\000r}{section.10}% 51
\BOOKMARK [2][-]{subsection.10.4}{\376\377\000V\000e\000r\000i\000f\000i\000c\000a\000t\000i\000o\000n}{section.10}% 52
\BOOKMARK [2][-]{subsection.10.5}{\376\377\000T\000h\000r\000e\000a\000d\000\040\000v\000s\000.\000\040\000F\000S\000M\000\040\000S\000y\000n\000t\000h\000e\000s\000i\000s\000\040\000C\000o\000m\000p\000a\000r\000i\000s\000o\000n}{section.10}% 53
\BOOKMARK [2][-]{subsection.10.6}{\376\377\000L\000e\000s\000s\000o\000n\000s}{section.10}% 54
\BOOKMARK [1][-]{section.11}{\376\377\000E\000m\000p\000i\000r\000i\000c\000a\000l\000\040\000E\000v\000a\000l\000u\000a\000t\000i\000o\000n}{}% 55
\BOOKMARK [2][-]{subsection.11.1}{\376\377\000V\000e\000r\000i\000l\000o\000g\000E\000v\000a\000l\000\040\000v\0002}{section.11}% 56
\BOOKMARK [3][-]{subsubsection.11.1.1}{\376\377\000M\000e\000t\000h\000o\000d\000o\000l\000o\000g\000y}{subsection.11.1}% 57
\BOOKMARK [3][-]{subsubsection.11.1.2}{\376\377\000R\000e\000s\000u\000l\000t\000s}{subsection.11.1}% 58
\BOOKMARK [3][-]{subsubsection.11.1.3}{\376\377\000C\000o\000d\000e\000\040\000D\000e\000n\000s\000i\000t\000y\000\040\000b\000y\000\040\000C\000a\000t\000e\000g\000o\000r\000y}{subsection.11.1}% 59
\BOOKMARK [3][-]{subsubsection.11.1.4}{\376\377\000C\000o\000n\000s\000t\000r\000u\000c\000t\000\040\000U\000s\000a\000g\000e}{subsection.11.1}% 60
\BOOKMARK [3][-]{subsubsection.11.1.5}{\376\377\000L\000a\000n\000g\000u\000a\000g\000e\000\040\000F\000e\000a\000t\000u\000r\000e\000s\000\040\000D\000r\000i\000v\000e\000n\000\040\000b\000y\000\040\000B\000e\000n\000c\000h\000m\000a\000r\000k}{subsection.11.1}% 61
\BOOKMARK [2][-]{subsection.11.2}{\376\377\000C\000V\000D\000P\000\040\000B\000e\000n\000c\000h\000m\000a\000r\000k}{section.11}% 62
\BOOKMARK [3][-]{subsubsection.11.2.1}{\376\377\000A\000R\000C\000H\000-\000R\000e\000l\000e\000v\000a\000n\000t\000\040\000T\000a\000s\000k\000\040\000S\000e\000l\000e\000c\000t\000i\000o\000n}{subsection.11.2}% 63
\BOOKMARK [3][-]{subsubsection.11.2.2}{\376\377\000M\000e\000t\000h\000o\000d\000o\000l\000o\000g\000y}{subsection.11.2}% 64
\BOOKMARK [3][-]{subsubsection.11.2.3}{\376\377\000R\000e\000s\000u\000l\000t\000s}{subsection.11.2}% 65
\BOOKMARK [3][-]{subsubsection.11.2.4}{\376\377\000C\000o\000m\000p\000i\000l\000e\000r\000\040\000I\000m\000p\000r\000o\000v\000e\000m\000e\000n\000t\000s\000\040\000D\000r\000i\000v\000e\000n\000\040\000b\000y\000\040\000C\000V\000D\000P}{subsection.11.2}% 66
\BOOKMARK [3][-]{subsubsection.11.2.5}{\376\377\000C\000o\000m\000b\000i\000n\000e\000d\000\040\000B\000e\000n\000c\000h\000m\000a\000r\000k\000\040\000S\000u\000m\000m\000a\000r\000y}{subsection.11.2}% 67
\BOOKMARK [1][-]{section.12}{\376\377\000R\000e\000l\000a\000t\000e\000d\000\040\000W\000o\000r\000k}{}% 68
\BOOKMARK [1][-]{section.13}{\376\377\000F\000u\000t\000u\000r\000e\000\040\000W\000o\000r\000k}{}% 69
\BOOKMARK [1][-]{section.14}{\376\377\000C\000o\000n\000c\000l\000u\000s\000i\000o\000n}{}% 70
